Application access
Time: 2019-02-19 23:45:58
Username: software_engineer
Application: Word Equivalent
----------------------------
Application access
Time: 2019-02-19 23:46:01
Username: software_engineer
Application: Internal Company Program
----------------------------
Application access
Time: 2019-02-19 23:46:05
Username: software_engineer
Application: Word Equivalent
----------------------------
Application access
Time: 2019-02-19 23:47:32
Username: dakota
Application: Internal Company Program
----------------------------
Application access
Time: 2019-02-19 23:47:34
Username: dakota
Application: Admin Program
----------------------------
